<?xml version="1.0" encoding="UTF-8"?>
<testng-results ignored="0" total="1" passed="1" failed="0" skipped="0">
  <reporter-output>
  </reporter-output>
  <suite started-at="2023-05-03T12:40:05 IST" name="Default suite" finished-at="2023-05-03T12:41:29 IST" duration-ms="83381">
    <groups>
    </groups>
    <test started-at="2023-05-03T12:40:05 IST" name="Default test" finished-at="2023-05-03T12:41:29 IST" duration-ms="83381">
      <class name="test1.D9E4">
        <test-method is-config="true" signature="beforeTest()[pri:0, instance:test1.D9E4@4c2bb6e0]" started-at="2023-05-03T12:40:05 IST" name="beforeTest" finished-at="2023-05-03T12:41:17 IST" duration-ms="71741" status="PASS">
          <reporter-output>
          </reporter-output>
        </test-method> <!-- beforeTest -->
        <test-method signature="tc_2()[pri:0, instance:test1.D9E4@4c2bb6e0]" started-at="2023-05-03T12:41:17 IST" name="tc_2" finished-at="2023-05-03T12:41:29 IST" duration-ms="11507" status="PASS">
          <reporter-output>
          </reporter-output>
        </test-method> <!-- tc_2 -->
        <test-method is-config="true" signature="tc_3()[pri:0, instance:test1.D9E4@4c2bb6e0]" started-at="2023-05-03T12:41:29 IST" name="tc_3" finished-at="2023-05-03T12:41:32 IST" duration-ms="3149" status="PASS">
          <reporter-output>
          </reporter-output>
        </test-method> <!-- tc_3 -->
      </class> <!-- test1.D9E4 -->
    </test> <!-- Default test -->
  </suite> <!-- Default suite -->
</testng-results>
